xxxxxxxxxxxxxxxxxxxxxxxxxxxxxxxxxxxxxxxxxxxxxxxxxxxxxxxxxxxxxxxxxxxxxxxxxxxx
matrixcalc @ DESKTOP-8974FMF # of staircase based cells: 0
                             # of staircase based faces: 0, 0, 0
                             # of staircase based edges: 0, 0, 0
                             fill limit changes: falsemeshfill changed: true
xxxxxxxxxxxxxxxxxxxxxxxxxxxxxxxxxxxxxxxxxxxxxxxxxxxxxxxxxxxxxxxxxxxxxxxxxxxx
DESKTOP-8974FMF: !!!!!!!!!!!!!!!!!!!!!!!!!!!!!!!!!!!!!!!!!!!!!!!!!!!!!!!!!!!!!!
                 2018 Mar 28: 13:03:27: current system memory usage reached 90%
                 !!!!!!!!!!!!!!!!!!!!!!!!!!!!!!!!!!!!!!!!!!!!!!!!!!!!!!!!!!!!!!
                 
DESKTOP-8974FMF: 1xN000: !!!!!!!!!!!!!!!!!!!!!!!!!!!!!!!!!!!!!!!!!!!!!!!!!!!!!!!!!!!!!!
                         2018 Mar 28: 13:03:40: current system memory usage reached 95%
                         !!!!!!!!!!!!!!!!!!!!!!!!!!!!!!!!!!!!!!!!!!!!!!!!!!!!!!!!!!!!!!

xxxxxxxxxxxxxxxxxxxxxxxxxxxxxxxxxxxxxxxxxxxxxxxxxxxxxxxxxxxxxxxxxxxxxxxxxxxxxxxxxxxxx
matrixcalc @ DESKTOP-8974FMF (1xN000) # of staircase based cells: 0
                                      # of staircase based faces: 0, 0, 0
                                      # of staircase based edges: 0, 0, 0
                                      fill limit changes: falsemeshfill changed: true
xxxxxxxxxxxxxxxxxxxxxxxxxxxxxxxxxxxxxxxxxxxxxxxxxxxxxxxxxxxxxxxxxxxxxxxxxxxxxxxxxxxxx


DESKTOP-8974FMF: 1xN001: !!!!!!!!!!!!!!!!!!!!!!!!!!!!!!!!!!!!!!!!!!!!!!!!!!!!!!!!!!!!!!
                         2018 Mar 28: 13:03:37: current system memory usage reached 95%
                         !!!!!!!!!!!!!!!!!!!!!!!!!!!!!!!!!!!!!!!!!!!!!!!!!!!!!!!!!!!!!!

xxxxxxxxxxxxxxxxxxxxxxxxxxxxxxxxxxxxxxxxxxxxxxxxxxxxxxxxxxxxxxxxxxxxxxxxxxxxxxxxxxxxx
matrixcalc @ DESKTOP-8974FMF (1xN001) # of staircase based cells: 0
                                      # of staircase based faces: 0, 0, 0
                                      # of staircase based edges: 0, 0, 0
                                      fill limit changes: falsemeshfill changed: true
xxxxxxxxxxxxxxxxxxxxxxxxxxxxxxxxxxxxxxxxxxxxxxxxxxxxxxxxxxxxxxxxxxxxxxxxxxxxxxxxxxxxx


xxxxxxxxxxxxxxxxxxxxxxxxxxxxxxxxxxxxxxxxxxxxxxxxxxxxxxxxxxxxxxxxxxxxxxxxxxxxxxxxxxxxx
matrixcalc @ DESKTOP-8974FMF (1xN002) # of staircase based cells: 0
                                      # of staircase based faces: 0, 0, 0
                                      # of staircase based edges: 0, 0, 0
                                      fill limit changes: falsemeshfill changed: true
xxxxxxxxxxxxxxxxxxxxxxxxxxxxxxxxxxxxxxxxxxxxxxxxxxxxxxxxxxxxxxxxxxxxxxxxxxxxxxxxxxxxx


xxxxxxxxxxxxxxxxxxxxxxxxxxxxxxxxxxxxxxxxxxxxxxxxxxxxxxxxxxxxxxxxxxxxxxxxxxxxxxxxxxxxx
matrixcalc @ DESKTOP-8974FMF (1xN003) # of staircase based cells: 0
                                      # of staircase based faces: 0, 0, 0
                                      # of staircase based edges: 0, 0, 0
                                      fill limit changes: falsemeshfill changed: true
xxxxxxxxxxxxxxxxxxxxxxxxxxxxxxxxxxxxxxxxxxxxxxxxxxxxxxxxxxxxxxxxxxxxxxxxxxxxxxxxxxxxx


