Defined reference frequency for open boundary condition (2.5 GHz) is larger
than the lowest relevant system frequency (monitor at 2.1 GHz).
Please check open boundary settings to ensure accurate monitor results for the
lowest frequency of interest.

--------------------------------------------------------------------------------
Due to unspecified frequency setting the evaluation of the constant tangent
delta model "latex" is performed at the center frequency of 2.5 GHz.

--------------------------------------------------------------------------------
Build version: 2014.0 Release from 2014-02-24 (change 292355)

Starting adaptive port meshing.

--------------------------------------------------------------------------------
Mode calculation for port 1:

--------------------------------------------------------------------------------

--------------------------------------------------------------------------------

--------------------------------------------------------------------------------
*** Warning ***

2018 Mar 28: 13:02:46: current system memory usage reached 85%

--------------------------------------------------------------------------------
  -------------------------------- F-Calc 2.5 --------------------------------
  Port   Mode   Type        Z-Wave        Z-Wave-Sigma  Z-Line        F-Cutoff
  1      1      TM          66.7          2.04e-006     ---           2.46
  ----------------------------------------------------------------------------

*** Warning ***

At least one propagating mode at port 1 is not considered in the time domain
calculation! It might be better to increase the number of modes at port 1.
More...

--------------------------------------------------------------------------------
Pass 1 successfully completed. 
Adaptive port meshing finished. 

--------------------------------------------------------------------------------

Solver started at: 01:03 PM Wednesday, 28. March 2018

  Module:  Time Domain: S-Parameter (Win 32)
  Version: 2014.0 Release from 2014-02-24 (change 292355)


--------------------------------------------------------------------------------

--------------------------------------------------------------------------------
======================================================================
 Solver cycle: 1
======================================================================

Stimulation at port 1 (mode 1) 


--------------------------------------------------------------------------------
*** Warning ***

2018 Mar 28: 13:03:25: current system memory usage reached 85%

--------------------------------------------------------------------------------
Units settings: 

  Dimensions: mm
  Frequency:  GHz
  Time:       ns

--------------------------------------------------------------------------------
Mesh statistics:

   Hexahedral mesh type: FPBA [accuracy enhancement is enabled]

   Parallelization type: domain decomposition
      Number of parallel working threads: 2
      Number of calculation domains used: 4

   !  2018 Mar 28: 13:03:40: current system memory usage reached 95%
   !  2018 Mar 28: 13:03:37: current system memory usage reached 95%
   2018 Mar 28: 13:05:11: current system memory usage reached 75%
   2018 Mar 28: 13:05:40: current system memory usage reached 80%
   2018 Mar 28: 13:05:10: current system memory usage reached 75%
   2018 Mar 28: 13:05:39: current system memory usage reached 80%



--------------------------------------------------------------------------------
Boundary conditions: 

  YZsymmetry: none
  XZsymmetry: none
  XYsymmetry: none

  Xmin: expanded open, 4 Layer, depth 31.7955 mm
  Xmax: expanded open, 4 Layer, depth 31.7955 mm

  Ymin: expanded open, 4 Layer, depth 31.7995 mm
  Ymax: expanded open, 4 Layer, depth 31.7995 mm

  Zmin: expanded open, 4 Layer, depth 35.8722 mm
  Zmax: expanded open, 4 Layer, depth 31.8189 mm

  PML-Type: Convolution PML

--------------------------------------------------------------------------------
Frequency settings: 

  Fmin:    2
  Fmax:    3
  Nfsteps: 1001

--------------------------------------------------------------------------------
Waveguide boundaries:

Port: 1

  -------------------------------- F-Calc 2.5 --------------------------------
  Port   Mode   Type        Z-Wave        Z-Wave-Sigma  Z-Line        F-Cutoff
  1      1      TM          100           3.07e-006     ---           2.41
  ----------------------------------------------------------------------------

*** Warning ***

At least one propagating mode at port 1 is not considered in the time domain
calculation! It might be better to increase the number of modes at port 1.
More...

--------------------------------------------------------------------------------
Field update statistics:

  Number of components in total: 	2830605
  Number of lossy metal components:	12920
  Number of disp. elements:		380588

Subcycling state:      Automatically deactivated

--------------------------------------------------------------------------------

--------------------------------------------------------------------------------

--------------------------------------------------------------------------------
Steady state energy criterion met, solver finished successfully.

--------------------------------------------------------------------------------
Frequency domain results normalized to default signal.

--------------------------------------------------------------------------------

  ----------------------------------------------------------------------------
                      Peak memory used (kB)         Free physical memory (kB) 
                                                    At begin     Minimum      
  ----------------------------------------------------------------------------
  Matrices calc.      451936                        256604       130260       
  Solver run total    227880                        312296       116216       
  ----------------------------------------------------------------------------

--------------------------------------------------------------------------------
Solver Statistics:

  Hardware:
     Computer name:                 	DESKTOP-8974FMF 

     Number of CPU threads:             2
     GPU info:                  	GPU computing not activated

  Number of mesh cells:             	460672
  Excitation duration:              	7.10909750e+000 ns 
  Calculation time for excitation:  	313    	s
  Number of calculated pulse widths:	2.7087 
  Steady state accuracy limit:      	-30	dB 
  Simulated number of time steps:   	23427  
  Maximum number of time steps:     	172976 
  Time step width:
     without subcycles:             	8.21974896e-004 ns
     used:                          	8.21974896e-004 ns

  Matrix calculation time:          	189    	s
  Solver setup time:                	20     	s
  Solver loop time:                 	881    	s
  Solver post processing time:      	0      	s
                                    	------------
  Total solver time:                	1090   	s  ( = 0 h, 18 m, 10 s )

--------------------------------------------------------------------------------

  Adaptive port meshing time:       	55     	s
  Total solver time (all cycles):   	1091   	s  ( = 0 h, 18 m, 11 s )
                                    	------------
  Total simulation time:            	1146   	s  ( = 0 h, 19 m, 6 s )

--------------------------------------------------------------------------------
Solver finished at: 01:21 PM Wednesday, 28. March 2018


--------------------------------------------------------------------------------
Creating parametric 1D results.

--------------------------------------------------------------------------------
