HARI: <<<<<<<<<<<<<<<<<<<<<<<<<<<
      2017 Feb 17 (Fri): 09:38:37
      <<<<<<<<<<<<<<<<<<<<<<<<<<<
      
HARI: ===============================
      Processing CAD model
      Version 2014.0 (build 20140224)
      2017 Feb 17 (Fri): 09:38:38
      ===============================
      
==================================================================================================
== CST Matrix Calculation Priority Log                                                          ==
==================================================================================================
 
Priorities are sorted in ascending order beginning with the lowest priority
 
Priority:   1, shape   5: Antenna/Layer 1:Styrofoam, material: Styrofoam
Priority:   1, shape   6: Antenna/Layer 1:Substrate, material: Rogers RO4003 (lossy)
Priority:   1, shape   7: Antenna/Layer 2:1, material: AMC
Priority:   1, shape   8: Antenna/Layer 2:1_1, material: AMC
Priority:   1, shape   9: Antenna/Layer 2:1_1_1, material: AMC
Priority:   1, shape  10: Antenna/Layer 2:1_1_2, material: AMC
Priority:   1, shape  11: Antenna/Layer 2:1_2, material: AMC
Priority:   1, shape  12: Antenna/Layer 2:1_2_1, material: AMC
Priority:   1, shape  13: Antenna/Layer 2:1_2_2, material: AMC
Priority:   1, shape  14: Antenna/Layer 2:1_3, material: AMC
Priority:   1, shape  15: Antenna/Layer 2:1_4, material: AMC
Priority:   1, shape  16: Antenna/Layer 2:substrate, material: Rogers RO4003 (lossy)
Priority:   1, shape  33: Antenna/Layer 3:Substrate, material: Rogers RO4003 (lossy)
Priority:   2, shape   1: Antenna/Layer 1:1, material: Copper (pure)
Priority:   2, shape   2: Antenna/Layer 1:2, material: Copper (pure)
Priority:   2, shape   3: Antenna/Layer 1:3, material: Copper (pure)
Priority:   2, shape   4: Antenna/Layer 1:4, material: Copper (pure)
Priority:   2, shape  17: Antenna/Layer 3:1, material: Copper (pure)
Priority:   2, shape  18: Antenna/Layer 3:1_1, material: Copper (pure)
Priority:   2, shape  19: Antenna/Layer 3:1_1_1, material: Copper (pure)
Priority:   2, shape  20: Antenna/Layer 3:1_1_2, material: Copper (pure)
Priority:   2, shape  21: Antenna/Layer 3:1_1_3, material: Copper (pure)
Priority:   2, shape  22: Antenna/Layer 3:1_2, material: Copper (pure)
Priority:   2, shape  23: Antenna/Layer 3:1_2_1, material: Copper (pure)
Priority:   2, shape  24: Antenna/Layer 3:1_2_2, material: Copper (pure)
Priority:   2, shape  25: Antenna/Layer 3:1_2_3, material: Copper (pure)
Priority:   2, shape  26: Antenna/Layer 3:1_3, material: Copper (pure)
Priority:   2, shape  27: Antenna/Layer 3:1_3_1, material: Copper (pure)
Priority:   2, shape  28: Antenna/Layer 3:1_3_2, material: Copper (pure)
Priority:   2, shape  29: Antenna/Layer 3:1_3_3, material: Copper (pure)
Priority:   2, shape  30: Antenna/Layer 3:1_4, material: Copper (pure)
Priority:   2, shape  31: Antenna/Layer 3:1_5, material: Copper (pure)
Priority:   2, shape  32: Antenna/Layer 3:1_6, material: Copper (pure)
 
==================================================================================================
 
HARI: =======================
      Finished CAD processing
      =======================
      
HARI: >>>>>>>>>>>>>>>>>>>>>>>>>>>
      2017 Feb 17 (Fri): 09:38:40
      >>>>>>>>>>>>>>>>>>>>>>>>>>>
      
HARI: <<<<<<<<<<<<<<<<<<<<<<<<<<<
      2017 Feb 17 (Fri): 09:38:44
      <<<<<<<<<<<<<<<<<<<<<<<<<<<
      
HARI: ===============================
      Port preparation
      Version 2014.0 (build 20140224)
      2017 Feb 17 (Fri): 09:38:44
      ===============================
      
HARI: ==========================
      Finished port preparation.
      ==========================
      
HARI: >>>>>>>>>>>>>>>>>>>>>>>>>>>
      2017 Feb 17 (Fri): 09:38:45
      >>>>>>>>>>>>>>>>>>>>>>>>>>>
      
HARI: <<<<<<<<<<<<<<<<<<<<<<<<<<<
      2017 Feb 17 (Fri): 09:38:45
      <<<<<<<<<<<<<<<<<<<<<<<<<<<
      
HARI: ==============================
      Mesher selection: manual: FPBA
      ==============================
      
HARI: =======================================
      Matrix computation (FPBA)
      	[FPBA accuracy enhancement is enabled]
      Version 2014.0 (build 20140224)
      2017 Feb 17 (Fri): 09:38:45
      =======================================
      
HARI: ==================================
      Finished matrix computation (FPBA)
      ==================================
      
HARI: >>>>>>>>>>>>>>>>>>>>>>>>>>>
      2017 Feb 17 (Fri): 09:39:00
      >>>>>>>>>>>>>>>>>>>>>>>>>>>
      
HARI: <<<<<<<<<<<<<<<<<<<<<<<<<<<
      2017 Feb 17 (Fri): 09:39:08
      <<<<<<<<<<<<<<<<<<<<<<<<<<<
      
HARI: ============================================================================
      Mesher selection: automatic: FPBA [support advanced surface impedance setup]
      ============================================================================
      
HARI: ===============================
      Processing CAD model
      Version 2014.0 (build 20140224)
      2017 Feb 17 (Fri): 09:39:08
      ===============================
      
HARI: =======================
      Finished CAD processing
      =======================
      
HARI: 1xN000: <<<<<<<<<<<<<<<<<<<<<<<<<<<
              2017 Feb 17 (Fri): 09:39:10
              <<<<<<<<<<<<<<<<<<<<<<<<<<<

HARI: 1xN000: =======================================
              Matrix computation (FPBA)
              	[FPBA accuracy enhancement is enabled]
              Version 2014.0 (build 20140224)
              2017 Feb 17 (Fri): 09:39:10
              =======================================

HARI: 1xN000: ==================================
              Finished matrix computation (FPBA)
              ==================================

HARI: 1xN000: >>>>>>>>>>>>>>>>>>>>>>>>>>>
              2017 Feb 17 (Fri): 09:40:12
              >>>>>>>>>>>>>>>>>>>>>>>>>>>



HARI: 1xN001: <<<<<<<<<<<<<<<<<<<<<<<<<<<
              2017 Feb 17 (Fri): 09:39:10
              <<<<<<<<<<<<<<<<<<<<<<<<<<<

HARI: 1xN001: =======================================
              Matrix computation (FPBA)
              	[FPBA accuracy enhancement is enabled]
              Version 2014.0 (build 20140224)
              2017 Feb 17 (Fri): 09:39:10
              =======================================

HARI: 1xN001: ==================================
              Finished matrix computation (FPBA)
              ==================================

HARI: 1xN001: >>>>>>>>>>>>>>>>>>>>>>>>>>>
              2017 Feb 17 (Fri): 09:40:13
              >>>>>>>>>>>>>>>>>>>>>>>>>>>



HARI: 1xN002: <<<<<<<<<<<<<<<<<<<<<<<<<<<
              2017 Feb 17 (Fri): 09:40:13
              <<<<<<<<<<<<<<<<<<<<<<<<<<<

HARI: 1xN002: =======================================
              Matrix computation (FPBA)
              	[FPBA accuracy enhancement is enabled]
              Version 2014.0 (build 20140224)
              2017 Feb 17 (Fri): 09:40:13
              =======================================

HARI: 1xN002: ==================================
              Finished matrix computation (FPBA)
              ==================================

HARI: 1xN002: >>>>>>>>>>>>>>>>>>>>>>>>>>>
              2017 Feb 17 (Fri): 09:40:53
              >>>>>>>>>>>>>>>>>>>>>>>>>>>



HARI: 1xN003: <<<<<<<<<<<<<<<<<<<<<<<<<<<
              2017 Feb 17 (Fri): 09:40:14
              <<<<<<<<<<<<<<<<<<<<<<<<<<<

HARI: 1xN003: =======================================
              Matrix computation (FPBA)
              	[FPBA accuracy enhancement is enabled]
              Version 2014.0 (build 20140224)
              2017 Feb 17 (Fri): 09:40:14
              =======================================

HARI: 1xN003: ==================================
              Finished matrix computation (FPBA)
              ==================================

HARI: 1xN003: >>>>>>>>>>>>>>>>>>>>>>>>>>>
              2017 Feb 17 (Fri): 09:40:39
              >>>>>>>>>>>>>>>>>>>>>>>>>>>



HARI: >>>>>>>>>>>>>>>>>>>>>>>>>>>
      2017 Feb 17 (Fri): 09:40:54
      >>>>>>>>>>>>>>>>>>>>>>>>>>>
      
