Build version: 2014.0 Release from 2014-02-24 (change 292355)

Starting adaptive port meshing.

--------------------------------------------------------------------------------
Mode calculation for port 1:

--------------------------------------------------------------------------------

--------------------------------------------------------------------------------

--------------------------------------------------------------------------------
  -------------------------------- F-Calc 2.5 --------------------------------
  Port   Mode   Type        Z-Wave        Z-Wave-Sigma  Z-Line        F-Cutoff
  1      1      TM          66.7          2.04e-006     ---           2.46
  ----------------------------------------------------------------------------

*** Warning ***

At least one propagating mode at port 1 is not considered in the time domain
calculation! It might be better to increase the number of modes at port 1.
More...

--------------------------------------------------------------------------------
Pass 1 successfully completed. 
Adaptive port meshing finished. 

--------------------------------------------------------------------------------

Solver started at: 09:39 AM Friday, 17. February 2017

  Module:  Time Domain: S-Parameter (Win 32)
  Version: 2014.0 Release from 2014-02-24 (change 292355)


--------------------------------------------------------------------------------

--------------------------------------------------------------------------------
======================================================================
 Solver cycle: 1
======================================================================

Stimulation at port 1 (mode 1) 


--------------------------------------------------------------------------------
Units settings: 

  Dimensions: mm
  Frequency:  GHz
  Time:       ns

--------------------------------------------------------------------------------
Mesh statistics:

   Hexahedral mesh type: FPBA [accuracy enhancement is enabled]

   Parallelization type: domain decomposition
      Number of parallel working threads: 2
      Number of calculation domains used: 4

   2017 Feb 17: 09:39:12: current system memory usage reached 60%
   2017 Feb 17: 09:39:20: current system memory usage reached 65%
   2017 Feb 17: 09:39:29: current system memory usage reached 70%
   2017 Feb 17: 09:39:44: current system memory usage reached 75%
   2017 Feb 17: 09:39:15: current system memory usage reached 60%
   2017 Feb 17: 09:39:24: current system memory usage reached 65%
   2017 Feb 17: 09:39:45: current system memory usage reached 75%
   2017 Feb 17: 09:40:13: current system memory usage reached 60%
   2017 Feb 17: 09:40:17: current system memory usage reached 60%



--------------------------------------------------------------------------------
Boundary conditions: 

  YZsymmetry: none
  XZsymmetry: none
  XYsymmetry: none

  Xmin: expanded open, 4 Layer, depth 31.7955 mm
  Xmax: expanded open, 4 Layer, depth 31.7955 mm

  Ymin: expanded open, 4 Layer, depth 31.7995 mm
  Ymax: expanded open, 4 Layer, depth 31.7995 mm

  Zmin: expanded open, 4 Layer, depth 35.8722 mm
  Zmax: expanded open, 4 Layer, depth 31.8189 mm

  PML-Type: Convolution PML

--------------------------------------------------------------------------------
Frequency settings: 

  Fmin:    2
  Fmax:    3
  Nfsteps: 1001

--------------------------------------------------------------------------------
Waveguide boundaries:

Port: 1

  -------------------------------- F-Calc 2.5 --------------------------------
  Port   Mode   Type        Z-Wave        Z-Wave-Sigma  Z-Line        F-Cutoff
  1      1      TM          100           3.07e-006     ---           2.41
  ----------------------------------------------------------------------------

*** Warning ***

At least one propagating mode at port 1 is not considered in the time domain
calculation! It might be better to increase the number of modes at port 1.
More...

--------------------------------------------------------------------------------
Field update statistics:

  Number of components in total: 	2830605
  Number of lossy metal components:	12920
  Number of disp. elements:		205075

Subcycling state:      Automatically deactivated

--------------------------------------------------------------------------------

--------------------------------------------------------------------------------

--------------------------------------------------------------------------------
Steady state energy criterion met, solver finished successfully.

--------------------------------------------------------------------------------
Frequency domain results normalized to default signal.

--------------------------------------------------------------------------------

  ----------------------------------------------------------------------------
                      Peak memory used (kB)         Free physical memory (kB) 
                                                    At begin     Minimum      
  ----------------------------------------------------------------------------
  Matrices calc.      455792                        893232       424496       
  Solver run total    210536                        956056       433496       
  ----------------------------------------------------------------------------

--------------------------------------------------------------------------------
Solver Statistics:

  Hardware:
     Computer name:                 	HARI 

     Number of CPU threads:             2
     GPU info:                  	GPU computing not activated

  Number of mesh cells:             	460672
  Excitation duration:              	7.10909750e+000 ns 
  Calculation time for excitation:  	294    	s
  Number of calculated pulse widths:	4.16606 
  Steady state accuracy limit:      	-30	dB 
  Simulated number of time steps:   	36031  
  Maximum number of time steps:     	172973 
  Time step width:
     without subcycles:             	8.21984675e-004 ns
     used:                          	8.21984675e-004 ns

  Matrix calculation time:          	110    	s
  Solver setup time:                	12     	s
  Solver loop time:                 	1201   	s
  Solver post processing time:      	0      	s
                                    	------------
  Total solver time:                	1323   	s  ( = 0 h, 22 m, 3 s )

--------------------------------------------------------------------------------

  Adaptive port meshing time:       	30     	s
  Total solver time (all cycles):   	1323   	s  ( = 0 h, 22 m, 3 s )
                                    	------------
  Total simulation time:            	1353   	s  ( = 0 h, 22 m, 33 s )

--------------------------------------------------------------------------------
Solver finished at: 10:01 AM Friday, 17. February 2017


--------------------------------------------------------------------------------
Creating parametric 1D results.

--------------------------------------------------------------------------------
