Unknown:
E:\Project\Antenna AMC\latex\Result\MCalc.ddi
E:\Project\Antenna AMC\latex\Result\MCalc.log
E:\Project\Antenna AMC\latex\Result\MCalcDbg.log
E:\Project\Antenna AMC\latex\Result\Model.ddi
E:\Project\Antenna AMC\latex\Result\Model.elg
E:\Project\Antenna AMC\latex\Result\Model.inf
E:\Project\Antenna AMC\latex\Result\Model.log
E:\Project\Antenna AMC\latex\Result\Model.sa
E:\Project\Antenna AMC\latex\Result\m^fb.dsc
E:\Project\Antenna AMC\latex\Result\m^fifx.dsc
E:\Project\Antenna AMC\latex\Result\m^fqq.dsc
E:\Project\Antenna AMC\latex\Result\m^ppex.dsc
E:\Project\Antenna AMC\latex\Result\p^a.dsc
E:\Project\Antenna AMC\latex\Result\tmpS.sig
Mesh:
E:\Project\Antenna AMC\latex\Result\dA.mat
E:\Project\Antenna AMC\latex\Result\dad.mat
E:\Project\Antenna AMC\latex\Result\ds.mat
E:\Project\Antenna AMC\latex\Result\dsd.mat
E:\Project\Antenna AMC\latex\Result\dsMCalc.mat
E:\Project\Antenna AMC\latex\Result\Eps.mat
E:\Project\Antenna AMC\latex\Result\HexMatrix.m2h
E:\Project\Antenna AMC\latex\Result\HexMatrix_MCalc.m2h
E:\Project\Antenna AMC\latex\Result\Kappa.mat
E:\Project\Antenna AMC\latex\Result\MCalc.fmp
E:\Project\Antenna AMC\latex\Result\mesher_shapes.fsi
E:\Project\Antenna AMC\latex\Result\Model.fmf
E:\Project\Antenna AMC\latex\Result\Model.fmm
E:\Project\Antenna AMC\latex\Result\Model.fpc
E:\Project\Antenna AMC\latex\Result\Model.fwf
E:\Project\Antenna AMC\latex\Result\Model.mss
E:\Project\Antenna AMC\latex\Result\Model.ntr
E:\Project\Antenna AMC\latex\Result\Model.sic
E:\Project\Antenna AMC\latex\Result\Model.spi
E:\Project\Antenna AMC\latex\Result\Model^PEC.fpf
E:\Project\Antenna AMC\latex\Result\Mue.mat
E:\Project\Antenna AMC\latex\Result\m^fqq.mem
E:\Project\Antenna AMC\latex\Result\p1.spi
E:\Project\Antenna AMC\latex\Result\PEC.mat
E:\Project\Antenna AMC\latex\Result\Port1.wgi
E:\Project\Antenna AMC\latex\Result\p^a.mem
E:\Project\Antenna AMC\latex\Result\p^m.mem
E:\Project\Antenna AMC\latex\Result\Rho.mat
E:\Project\Antenna AMC\latex\Result\s^pm.mem
Port:
E:\Project\Antenna AMC\latex\Result\Model.pmi
E:\Project\Antenna AMC\latex\Result\Port1_1.m2d
